<?xml version="1.0" encoding="UTF-8"?>
<testsuite xmlns:xsi="http://www.w3.org/2001/XMLSchema-instance" xsi:noNamespaceSchemaLocation="https://maven.apache.org/surefire/maven-surefire-plugin/xsd/surefire-test-report.xsd" name="org.owasp.webgoat.cia.CIAQuizTest" time="10.756" tests="9" errors="0" skipped="0" failures="0">
  <properties/>
  <testcase name="firstAnswerFalseGetResultsReturnsFalseTrueTrueTrue" classname="org.owasp.webgoat.cia.CIAQuizTest" time="0.559"/>
  <testcase name="oneAnswerWrongIsFailure" classname="org.owasp.webgoat.cia.CIAQuizTest" time="0.076"/>
  <testcase name="allAnswersCorrectIsSuccess" classname="org.owasp.webgoat.cia.CIAQuizTest" time="0.023"/>
  <testcase name="secondAnswerFalseGetResultsReturnsTrueFalseTrueTrue" classname="org.owasp.webgoat.cia.CIAQuizTest" time="0.019"/>
  <testcase name="twoAnswersWrongIsFailure" classname="org.owasp.webgoat.cia.CIAQuizTest" time="0.021"/>
  <testcase name="threeAnswersWrongIsFailure" classname="org.owasp.webgoat.cia.CIAQuizTest" time="0.017"/>
  <testcase name="allAnswersCorrectGetResultsReturnsTrueTrueTrueTrue" classname="org.owasp.webgoat.cia.CIAQuizTest" time="0.017"/>
  <testcase name="allAnswersWrongIsFailure" classname="org.owasp.webgoat.cia.CIAQuizTest" time="0.014"/>
  <testcase name="allAnswersFalseGetResultsReturnsFalseFalseFalseFalse" classname="org.owasp.webgoat.cia.CIAQuizTest" time="0.017"/>
</testsuite>