<?xml version="1.0" encoding="UTF-8"?>
<testsuite xmlns:xsi="http://www.w3.org/2001/XMLSchema-instance" xsi:noNamespaceSchemaLocation="https://maven.apache.org/surefire/maven-surefire-plugin/xsd/surefire-test-report.xsd" name="org.owasp.webgoat.client_side_filtering.ClientSideFilteringFreeAssignmentTest" time="11.26" tests="2" errors="0" skipped="0" failures="0">
  <properties/>
  <testcase name="success" classname="org.owasp.webgoat.client_side_filtering.ClientSideFilteringFreeAssignmentTest" time="0.423"/>
  <testcase name="wrongCouponCode" classname="org.owasp.webgoat.client_side_filtering.ClientSideFilteringFreeAssignmentTest" time="0.044"/>
</testsuite>