<?xml version="1.0" encoding="UTF-8"?>
<testsuite xmlns:xsi="http://www.w3.org/2001/XMLSchema-instance" xsi:noNamespaceSchemaLocation="https://maven.apache.org/surefire/maven-surefire-plugin/xsd/surefire-test-report.xsd" name="org.owasp.webgoat.jwt.JWTSecretKeyEndpointTest" time="0.2" tests="5" errors="0" skipped="0" failures="0">
  <properties/>
  <testcase name="oneOfClaimIsMissingShouldNotSolveAssignment" classname="org.owasp.webgoat.jwt.JWTSecretKeyEndpointTest" time="0.035"/>
  <testcase name="incorrectToken" classname="org.owasp.webgoat.jwt.JWTSecretKeyEndpointTest" time="0.059"/>
  <testcase name="solveAssignmentWithLowercase" classname="org.owasp.webgoat.jwt.JWTSecretKeyEndpointTest" time="0.033"/>
  <testcase name="solveAssignment" classname="org.owasp.webgoat.jwt.JWTSecretKeyEndpointTest" time="0.031"/>
  <testcase name="incorrectUser" classname="org.owasp.webgoat.jwt.JWTSecretKeyEndpointTest" time="0.032"/>
</testsuite>