<?xml version="1.0" encoding="UTF-8"?>
<testsuite xmlns:xsi="http://www.w3.org/2001/XMLSchema-instance" xsi:noNamespaceSchemaLocation="https://maven.apache.org/surefire/maven-surefire-plugin/xsd/surefire-test-report.xsd" name="org.owasp.webgoat.jwt.JWTFinalEndpointTest" time="12.038" tests="3" errors="0" skipped="0" failures="0">
  <properties/>
  <testcase name="shouldNotBeAbleToBypassWithSimpleToken" classname="org.owasp.webgoat.jwt.JWTFinalEndpointTest" time="0.465"/>
  <testcase name="solveAssignment" classname="org.owasp.webgoat.jwt.JWTFinalEndpointTest" time="0.108"/>
  <testcase name="withJerrysKeyShouldNotSolveAssignment" classname="org.owasp.webgoat.jwt.JWTFinalEndpointTest" time="0.021"/>
</testsuite>