<?xml version="1.0" encoding="UTF-8"?>
<testsuite xmlns:xsi="http://www.w3.org/2001/XMLSchema-instance" xsi:noNamespaceSchemaLocation="https://maven.apache.org/surefire/maven-surefire-plugin/xsd/surefire-test-report.xsd" name="org.owasp.webgoat.PasswordResetLessonTest" time="4.724" tests="2" errors="0" skipped="0" failures="0">
  <properties/>
  <testcase name="solveAssignment" classname="org.owasp.webgoat.PasswordResetLessonTest" time="1.999"/>
  <testcase name="sendEmailShouldBeAvailabeInWebWolf" classname="org.owasp.webgoat.PasswordResetLessonTest" time="2.719"/>
</testsuite>