<?xml version="1.0" encoding="UTF-8"?>
<testsuite xmlns:xsi="http://www.w3.org/2001/XMLSchema-instance" xsi:noNamespaceSchemaLocation="https://maven.apache.org/surefire/maven-surefire-plugin/xsd/surefire-test-report.xsd" name="org.owasp.webgoat.GeneralLessonTest" time="12.04" tests="6" errors="0" skipped="0" failures="0">
  <properties/>
  <testcase name="chrome" classname="org.owasp.webgoat.GeneralLessonTest" time="1.707"/>
  <testcase name="cia" classname="org.owasp.webgoat.GeneralLessonTest" time="1.361"/>
  <testcase name="httpBasics" classname="org.owasp.webgoat.GeneralLessonTest" time="1.559"/>
  <testcase name="httpProxies" classname="org.owasp.webgoat.GeneralLessonTest" time="1.84"/>
  <testcase name="securePasswords" classname="org.owasp.webgoat.GeneralLessonTest" time="4.066"/>
  <testcase name="authByPass" classname="org.owasp.webgoat.GeneralLessonTest" time="1.503"/>
</testsuite>