<?xml version="1.0" encoding="UTF-8"?>
<testsuite xmlns:xsi="http://www.w3.org/2001/XMLSchema-instance" xsi:noNamespaceSchemaLocation="https://maven.apache.org/surefire/maven-surefire-plugin/xsd/surefire-test-report.xsd" name="org.owasp.webgoat.xxe.ContentTypeAssignmentTest" time="0.12" tests="4" errors="0" skipped="0" failures="0">
  <properties/>
  <testcase name="workingAttack" classname="org.owasp.webgoat.xxe.ContentTypeAssignmentTest" time="0.027"/>
  <testcase name="postingJsonShouldAddComment" classname="org.owasp.webgoat.xxe.ContentTypeAssignmentTest" time="0.033"/>
  <testcase name="sendingXmlButContentTypeIsJson" classname="org.owasp.webgoat.xxe.ContentTypeAssignmentTest" time="0.027"/>
  <testcase name="postingInvalidJsonShouldAddComment" classname="org.owasp.webgoat.xxe.ContentTypeAssignmentTest" time="0.024"/>
</testsuite>